# JRE version: Java(TM) SE Runtime Environment (8.0_111-b14) (build 1.8.0_111-b14)
# Java VM: Java HotSpot(TM) 64-Bit Server VM (25.111-b14 mixed mode windows-amd64 compressed oops)
Heap:
 PSYoungGen      total 410624K, used 205711K [0x0000000740a00000, 0x000000075e700000, 0x00000007c0000000)
  eden space 375808K, 45% used [0x0000000740a00000,0x000000074b0e9d28,0x0000000757900000)
  from space 34816K, 99% used [0x0000000757900000,0x0000000759afa0c8,0x0000000759b00000)
  to   space 52224K, 0% used [0x000000075b400000,0x000000075b400000,0x000000075e700000)
 ParOldGen       total 190464K, used 64506K [0x0000000641e00000, 0x000000064d800000, 0x0000000740a00000)
  object space 190464K, 33% used [0x0000000641e00000,0x0000000645cfe960,0x000000064d800000)
 Metaspace       used 30499K, capacity 31256K, committed 31360K, reserved 1077248K
  class space    used 3461K, capacity 3700K, committed 3712K, reserved 1048576K
GC Heap History (10 events):
Event: 5.345 GC heap before
{Heap before GC invocations=4 (full 0):
 PSYoungGen      total 114688K, used 114680K [0x0000000740a00000, 0x000000074ea00000, 0x00000007c0000000)
  eden space 98304K, 100% used [0x0000000740a00000,0x0000000746a00000,0x0000000746a00000)
  from space 16384K, 99% used [0x0000000746a00000,0x00000007479fe030,0x0000000747a00000)
  to   space 16384K, 0% used [0x000000074da00000,0x000000074da00000,0x000000074ea00000)
 ParOldGen       total 262144K, used 7904K [0x0000000641e00000, 0x0000000651e00000, 0x0000000740a00000)
  object space 262144K, 3% used [0x0000000641e00000,0x00000006425b8040,0x0000000651e00000)
 Metaspace       used 17779K, capacity 18272K, committed 18432K, reserved 1064960K
  class space    used 2078K, capacity 2232K, committed 2304K, reserved 1048576K
Event: 5.370 GC heap after
Heap after GC invocations=4 (full 0):
 PSYoungGen      total 212992K, used 16377K [0x0000000740a00000, 0x000000074ea00000, 0x00000007c0000000)
  eden space 196608K, 0% used [0x0000000740a00000,0x0000000740a00000,0x000000074ca00000)
  from space 16384K, 99% used [0x000000074da00000,0x000000074e9fe620,0x000000074ea00000)
  to   space 16384K, 0% used [0x000000074ca00000,0x000000074ca00000,0x000000074da00000)
 ParOldGen       total 262144K, used 14216K [0x0000000641e00000, 0x0000000651e00000, 0x0000000740a00000)
  object space 262144K, 5% used [0x0000000641e00000,0x0000000642be2300,0x0000000651e00000)
 Metaspace       used 17779K, capacity 18272K, committed 18432K, reserved 1064960K
  class space    used 2078K, capacity 2232K, committed 2304K, reserved 1048576K
}
Event: 5.583 GC heap before
{Heap before GC invocations=5 (full 0):
 PSYoungGen      total 212992K, used 32464K [0x0000000740a00000, 0x000000074ea00000, 0x00000007c0000000)
  eden space 196608K, 8% used [0x0000000740a00000,0x00000007419b5ab0,0x000000074ca00000)
  from space 16384K, 99% used [0x000000074da00000,0x000000074e9fe620,0x000000074ea00000)
  to   space 16384K, 0% used [0x000000074ca00000,0x000000074ca00000,0x000000074da00000)
 ParOldGen       total 262144K, used 14216K [0x0000000641e00000, 0x0000000651e00000, 0x0000000740a00000)
  object space 262144K, 5% used [0x0000000641e00000,0x0000000642be2300,0x0000000651e00000)
 Metaspace       used 20683K, capacity 21184K, committed 21296K, reserved 1069056K
  class space    used 2472K, capacity 2648K, committed 2688K, reserved 1048576K
Event: 5.605 GC heap after
Heap after GC invocations=5 (full 0):
 PSYoungGen      total 212992K, used 16369K [0x0000000740a00000, 0x000000075bd00000, 0x00000007c0000000)
  eden space 196608K, 0% used [0x0000000740a00000,0x0000000740a00000,0x000000074ca00000)
  from space 16384K, 99% used [0x000000074ca00000,0x000000074d9fc7d0,0x000000074da00000)
  to   space 26112K, 0% used [0x000000075a380000,0x000000075a380000,0x000000075bd00000)
 ParOldGen       total 262144K, used 15336K [0x0000000641e00000, 0x0000000651e00000, 0x0000000740a00000)
  object space 262144K, 5% used [0x0000000641e00000,0x0000000642cfa300,0x0000000651e00000)
 Metaspace       used 20683K, capacity 21184K, committed 21296K, reserved 1069056K
  class space    used 2472K, capacity 2648K, committed 2688K, reserved 1048576K
}
Event: 5.605 GC heap before
{Heap before GC invocations=6 (full 1):
 PSYoungGen      total 212992K, used 16369K [0x0000000740a00000, 0x000000075bd00000, 0x00000007c0000000)
  eden space 196608K, 0% used [0x0000000740a00000,0x0000000740a00000,0x000000074ca00000)
  from space 16384K, 99% used [0x000000074ca00000,0x000000074d9fc7d0,0x000000074da00000)
  to   space 26112K, 0% used [0x000000075a380000,0x000000075a380000,0x000000075bd00000)
 ParOldGen       total 262144K, used 15336K [0x0000000641e00000, 0x0000000651e00000, 0x0000000740a00000)
  object space 262144K, 5% used [0x0000000641e00000,0x0000000642cfa300,0x0000000651e00000)
 Metaspace       used 20683K, capacity 21184K, committed 21296K, reserved 1069056K
  class space    used 2472K, capacity 2648K, committed 2688K, reserved 1048576K
Event: 5.822 GC heap after
Heap after GC invocations=6 (full 1):
 PSYoungGen      total 212992K, used 0K [0x0000000740a00000, 0x000000075bd00000, 0x00000007c0000000)
  eden space 196608K, 0% used [0x0000000740a00000,0x0000000740a00000,0x000000074ca00000)
  from space 16384K, 0% used [0x000000074ca00000,0x000000074ca00000,0x000000074da00000)
  to   space 26112K, 0% used [0x000000075a380000,0x000000075a380000,0x000000075bd00000)
 ParOldGen       total 190464K, used 29209K [0x0000000641e00000, 0x000000064d800000, 0x0000000740a00000)
  object space 190464K, 15% used [0x0000000641e00000,0x0000000643a86490,0x000000064d800000)
 Metaspace       used 20683K, capacity 21184K, committed 21296K, reserved 1069056K
  class space    used 2472K, capacity 2648K, committed 2688K, reserved 1048576K
}
Event: 7.898 GC heap before
{Heap before GC invocations=7 (full 1):
 PSYoungGen      total 212992K, used 196608K [0x0000000740a00000, 0x000000075bd00000, 0x00000007c0000000)
  eden space 196608K, 100% used [0x0000000740a00000,0x000000074ca00000,0x000000074ca00000)
  from space 16384K, 0% used [0x000000074ca00000,0x000000074ca00000,0x000000074da00000)
  to   space 26112K, 0% used [0x000000075a380000,0x000000075a380000,0x000000075bd00000)
 ParOldGen       total 190464K, used 29209K [0x0000000641e00000, 0x000000064d800000, 0x0000000740a00000)
  object space 190464K, 15% used [0x0000000641e00000,0x0000000643a86490,0x000000064d800000)
 Metaspace       used 22253K, capacity 22784K, committed 22960K, reserved 1069056K
  class space    used 2579K, capacity 2776K, committed 2816K, reserved 1048576K
Event: 7.923 GC heap after
Heap after GC invocations=7 (full 1):
 PSYoungGen      total 303616K, used 26084K [0x0000000740a00000, 0x000000075bd00000, 0x00000007c0000000)
  eden space 277504K, 0% used [0x0000000740a00000,0x0000000740a00000,0x0000000751900000)
  from space 26112K, 99% used [0x000000075a380000,0x000000075bcf9368,0x000000075bd00000)
  to   space 34816K, 0% used [0x0000000757900000,0x0000000757900000,0x0000000759b00000)
 ParOldGen       total 190464K, used 39174K [0x0000000641e00000, 0x000000064d800000, 0x0000000740a00000)
  object space 190464K, 20% used [0x0000000641e00000,0x0000000644441958,0x000000064d800000)
 Metaspace       used 22253K, capacity 22784K, committed 22960K, reserved 1069056K
  class space    used 2579K, capacity 2776K, committed 2816K, reserved 1048576K
}
Event: 10.980 GC heap before
{Heap before GC invocations=8 (full 1):
 PSYoungGen      total 303616K, used 303588K [0x0000000740a00000, 0x000000075bd00000, 0x00000007c0000000)
  eden space 277504K, 100% used [0x0000000740a00000,0x0000000751900000,0x0000000751900000)
  from space 26112K, 99% used [0x000000075a380000,0x000000075bcf9368,0x000000075bd00000)
  to   space 34816K, 0% used [0x0000000757900000,0x0000000757900000,0x0000000759b00000)
 ParOldGen       total 190464K, used 39174K [0x0000000641e00000, 0x000000064d800000, 0x0000000740a00000)
  object space 190464K, 20% used [0x0000000641e00000,0x0000000644441958,0x000000064d800000)
 Metaspace       used 28789K, capacity 29560K, committed 29824K, reserved 1075200K
  class space    used 3347K, capacity 3604K, committed 3712K, reserved 1048576K
Event: 11.028 GC heap after
Heap after GC invocations=8 (full 1):
 PSYoungGen      total 410624K, used 34792K [0x0000000740a00000, 0x000000075e700000, 0x00000007c0000000)
  eden space 375808K, 0% used [0x0000000740a00000,0x0000000740a00000,0x0000000757900000)
  from space 34816K, 99% used [0x0000000757900000,0x0000000759afa0c8,0x0000000759b00000)
  to   space 52224K, 0% used [0x000000075b400000,0x000000075b400000,0x000000075e700000)
 ParOldGen       total 190464K, used 64506K [0x0000000641e00000, 0x000000064d800000, 0x0000000740a00000)
  object space 190464K, 33% used [0x0000000641e00000,0x0000000645cfe960,0x000000064d800000)
 Metaspace       used 28789K, capacity 29560K, committed 29824K, reserved 1075200K
  class space    used 3347K, capacity 3604K, committed 3712K, reserved 1048576K
}

