# JRE version: Java(TM) SE Runtime Environment (8.0_111-b14) (build 1.8.0_111-b14)
# Java VM: Java HotSpot(TM) 64-Bit Server VM (25.111-b14 mixed mode windows-amd64 compressed oops)
Heap:
 PSYoungGen      total 373760K, used 88901K [0x0000000740a00000, 0x000000075be00000, 0x00000007c0000000)
  eden space 338432K, 15% used [0x0000000740a00000,0x0000000743e54928,0x0000000755480000)
  from space 35328K, 99% used [0x0000000757900000,0x0000000759b7cc40,0x0000000759b80000)
  to   space 26624K, 0% used [0x000000075a400000,0x000000075a400000,0x000000075be00000)
 ParOldGen       total 170496K, used 68556K [0x0000000641e00000, 0x000000064c480000, 0x0000000740a00000)
  object space 170496K, 40% used [0x0000000641e00000,0x00000006460f32c8,0x000000064c480000)
 Metaspace       used 30336K, capacity 31064K, committed 31104K, reserved 1077248K
  class space    used 3463K, capacity 3700K, committed 3712K, reserved 1048576K
GC Heap History (10 events):
Event: 5.801 GC heap before
{Heap before GC invocations=4 (full 0):
 PSYoungGen      total 114688K, used 114664K [0x0000000740a00000, 0x000000074ea00000, 0x00000007c0000000)
  eden space 98304K, 100% used [0x0000000740a00000,0x0000000746a00000,0x0000000746a00000)
  from space 16384K, 99% used [0x0000000746a00000,0x00000007479fa020,0x0000000747a00000)
  to   space 16384K, 0% used [0x000000074da00000,0x000000074da00000,0x000000074ea00000)
 ParOldGen       total 262144K, used 8313K [0x0000000641e00000, 0x0000000651e00000, 0x0000000740a00000)
  object space 262144K, 3% used [0x0000000641e00000,0x000000064261e6f0,0x0000000651e00000)
 Metaspace       used 19343K, capacity 19840K, committed 19968K, reserved 1067008K
  class space    used 2288K, capacity 2456K, committed 2560K, reserved 1048576K
Event: 5.826 GC heap after
Heap after GC invocations=4 (full 0):
 PSYoungGen      total 212992K, used 16361K [0x0000000740a00000, 0x000000074ea00000, 0x00000007c0000000)
  eden space 196608K, 0% used [0x0000000740a00000,0x0000000740a00000,0x000000074ca00000)
  from space 16384K, 99% used [0x000000074da00000,0x000000074e9fa670,0x000000074ea00000)
  to   space 16384K, 0% used [0x000000074ca00000,0x000000074ca00000,0x000000074da00000)
 ParOldGen       total 262144K, used 14912K [0x0000000641e00000, 0x0000000651e00000, 0x0000000740a00000)
  object space 262144K, 5% used [0x0000000641e00000,0x0000000642c90258,0x0000000651e00000)
 Metaspace       used 19343K, capacity 19840K, committed 19968K, reserved 1067008K
  class space    used 2288K, capacity 2456K, committed 2560K, reserved 1048576K
}
Event: 5.962 GC heap before
{Heap before GC invocations=5 (full 0):
 PSYoungGen      total 212992K, used 24082K [0x0000000740a00000, 0x000000074ea00000, 0x00000007c0000000)
  eden space 196608K, 3% used [0x0000000740a00000,0x000000074118a268,0x000000074ca00000)
  from space 16384K, 99% used [0x000000074da00000,0x000000074e9fa670,0x000000074ea00000)
  to   space 16384K, 0% used [0x000000074ca00000,0x000000074ca00000,0x000000074da00000)
 ParOldGen       total 262144K, used 14912K [0x0000000641e00000, 0x0000000651e00000, 0x0000000740a00000)
  object space 262144K, 5% used [0x0000000641e00000,0x0000000642c90258,0x0000000651e00000)
 Metaspace       used 20758K, capacity 21184K, committed 21296K, reserved 1069056K
  class space    used 2482K, capacity 2648K, committed 2688K, reserved 1048576K
Event: 5.986 GC heap after
Heap after GC invocations=5 (full 0):
 PSYoungGen      total 212992K, used 16365K [0x0000000740a00000, 0x000000075be00000, 0x00000007c0000000)
  eden space 196608K, 0% used [0x0000000740a00000,0x0000000740a00000,0x000000074ca00000)
  from space 16384K, 99% used [0x000000074ca00000,0x000000074d9fb478,0x000000074da00000)
  to   space 26624K, 0% used [0x000000075a400000,0x000000075a400000,0x000000075be00000)
 ParOldGen       total 262144K, used 15296K [0x0000000641e00000, 0x0000000651e00000, 0x0000000740a00000)
  object space 262144K, 5% used [0x0000000641e00000,0x0000000642cf0258,0x0000000651e00000)
 Metaspace       used 20758K, capacity 21184K, committed 21296K, reserved 1069056K
  class space    used 2482K, capacity 2648K, committed 2688K, reserved 1048576K
}
Event: 5.986 GC heap before
{Heap before GC invocations=6 (full 1):
 PSYoungGen      total 212992K, used 16365K [0x0000000740a00000, 0x000000075be00000, 0x00000007c0000000)
  eden space 196608K, 0% used [0x0000000740a00000,0x0000000740a00000,0x000000074ca00000)
  from space 16384K, 99% used [0x000000074ca00000,0x000000074d9fb478,0x000000074da00000)
  to   space 26624K, 0% used [0x000000075a400000,0x000000075a400000,0x000000075be00000)
 ParOldGen       total 262144K, used 15296K [0x0000000641e00000, 0x0000000651e00000, 0x0000000740a00000)
  object space 262144K, 5% used [0x0000000641e00000,0x0000000642cf0258,0x0000000651e00000)
 Metaspace       used 20758K, capacity 21184K, committed 21296K, reserved 1069056K
  class space    used 2482K, capacity 2648K, committed 2688K, reserved 1048576K
Event: 6.141 GC heap after
Heap after GC invocations=6 (full 1):
 PSYoungGen      total 212992K, used 0K [0x0000000740a00000, 0x000000075be00000, 0x00000007c0000000)
  eden space 196608K, 0% used [0x0000000740a00000,0x0000000740a00000,0x000000074ca00000)
  from space 16384K, 0% used [0x000000074ca00000,0x000000074ca00000,0x000000074da00000)
  to   space 26624K, 0% used [0x000000075a400000,0x000000075a400000,0x000000075be00000)
 ParOldGen       total 170496K, used 29154K [0x0000000641e00000, 0x000000064c480000, 0x0000000740a00000)
  object space 170496K, 17% used [0x0000000641e00000,0x0000000643a78a80,0x000000064c480000)
 Metaspace       used 20758K, capacity 21184K, committed 21296K, reserved 1069056K
  class space    used 2482K, capacity 2648K, committed 2688K, reserved 1048576K
}
Event: 8.256 GC heap before
{Heap before GC invocations=7 (full 1):
 PSYoungGen      total 212992K, used 196608K [0x0000000740a00000, 0x000000075be00000, 0x00000007c0000000)
  eden space 196608K, 100% used [0x0000000740a00000,0x000000074ca00000,0x000000074ca00000)
  from space 16384K, 0% used [0x000000074ca00000,0x000000074ca00000,0x000000074da00000)
  to   space 26624K, 0% used [0x000000075a400000,0x000000075a400000,0x000000075be00000)
 ParOldGen       total 170496K, used 29154K [0x0000000641e00000, 0x000000064c480000, 0x0000000740a00000)
  object space 170496K, 17% used [0x0000000641e00000,0x0000000643a78a80,0x000000064c480000)
 Metaspace       used 22257K, capacity 22784K, committed 22960K, reserved 1069056K
  class space    used 2581K, capacity 2776K, committed 2816K, reserved 1048576K
Event: 8.535 GC heap after
Heap after GC invocations=7 (full 1):
 PSYoungGen      total 365056K, used 26596K [0x0000000740a00000, 0x000000075be00000, 0x00000007c0000000)
  eden space 338432K, 0% used [0x0000000740a00000,0x0000000740a00000,0x0000000755480000)
  from space 26624K, 99% used [0x000000075a400000,0x000000075bdf93f0,0x000000075be00000)
  to   space 35328K, 0% used [0x0000000757900000,0x0000000757900000,0x0000000759b80000)
 ParOldGen       total 170496K, used 38739K [0x0000000641e00000, 0x000000064c480000, 0x0000000740a00000)
  object space 170496K, 22% used [0x0000000641e00000,0x00000006443d4f60,0x000000064c480000)
 Metaspace       used 22257K, capacity 22784K, committed 22960K, reserved 1069056K
  class space    used 2581K, capacity 2776K, committed 2816K, reserved 1048576K
}
Event: 13.836 GC heap before
{Heap before GC invocations=8 (full 1):
 PSYoungGen      total 365056K, used 365028K [0x0000000740a00000, 0x000000075be00000, 0x00000007c0000000)
  eden space 338432K, 100% used [0x0000000740a00000,0x0000000755480000,0x0000000755480000)
  from space 26624K, 99% used [0x000000075a400000,0x000000075bdf93f0,0x000000075be00000)
  to   space 35328K, 0% used [0x0000000757900000,0x0000000757900000,0x0000000759b80000)
 ParOldGen       total 170496K, used 38739K [0x0000000641e00000, 0x000000064c480000, 0x0000000740a00000)
  object space 170496K, 22% used [0x0000000641e00000,0x00000006443d4f60,0x000000064c480000)
 Metaspace       used 29946K, capacity 30680K, committed 30848K, reserved 1077248K
  class space    used 3452K, capacity 3700K, committed 3712K, reserved 1048576K
Event: 13.905 GC heap after
Heap after GC invocations=8 (full 1):
 PSYoungGen      total 373760K, used 35315K [0x0000000740a00000, 0x000000075be00000, 0x00000007c0000000)
  eden space 338432K, 0% used [0x0000000740a00000,0x0000000740a00000,0x0000000755480000)
  from space 35328K, 99% used [0x0000000757900000,0x0000000759b7cc40,0x0000000759b80000)
  to   space 26624K, 0% used [0x000000075a400000,0x000000075a400000,0x000000075be00000)
 ParOldGen       total 170496K, used 68556K [0x0000000641e00000, 0x000000064c480000, 0x0000000740a00000)
  object space 170496K, 40% used [0x0000000641e00000,0x00000006460f32c8,0x000000064c480000)
 Metaspace       used 29946K, capacity 30680K, committed 30848K, reserved 1077248K
  class space    used 3452K, capacity 3700K, committed 3712K, reserved 1048576K
}

